TN:
SF:script/BaseDeployment.s.sol
DA:57,0
FN:57,BaseDeployment.validNetwork
FNDA:0,BaseDeployment.validNetwork
DA:58,0
BRDA:58,0,0,-
BRDA:58,0,1,-
DA:69,0
FN:69,BaseDeployment.constructor
FNDA:0,BaseDeployment.constructor
DA:70,0
DA:83,0
FN:83,BaseDeployment.deployAllContracts
FNDA:0,BaseDeployment.deployAllContracts
DA:87,0
DA:89,0
DA:90,0
DA:91,0
DA:92,0
DA:93,0
DA:96,0
DA:97,0
DA:98,0
DA:101,0
DA:102,0
DA:105,0
DA:108,0
DA:109,0
DA:112,0
DA:115,0
DA:116,0
DA:122,0
DA:125,0
DA:128,0
DA:139,0
DA:141,0
DA:142,0
DA:148,0
FN:148,BaseDeployment._configureSystem
FNDA:0,BaseDeployment._configureSystem
DA:155,0
DA:158,0
DA:159,0
DA:162,0
DA:163,0
DA:164,0
DA:167,0
DA:168,0
DA:170,0
DA:180,0
FN:180,BaseDeployment._setupNetworkConfigs
FNDA:0,BaseDeployment._setupNetworkConfigs
DA:182,0
DA:192,0
DA:202,0
DA:212,0
DA:222,0
DA:239,0
FN:239,BaseDeployment.getCurrentNetworkConfig
FNDA:0,BaseDeployment.getCurrentNetworkConfig
DA:240,0
DA:246,0
FN:246,BaseDeployment.isNetworkSupported
FNDA:0,BaseDeployment.isNetworkSupported
DA:247,0
DA:253,0
FN:253,BaseDeployment.getNetworkName
FNDA:0,BaseDeployment.getNetworkName
DA:254,0
BRDA:254,1,0,-
DA:255,0
DA:257,0
DA:281,0
FN:281,BaseDeployment.logDeploymentSummary
FNDA:0,BaseDeployment.logDeploymentSummary
DA:282,0
DA:283,0
DA:284,0
DA:285,0
DA:286,0
DA:287,0
DA:288,0
DA:289,0
DA:290,0
DA:291,0
DA:292,0
DA:293,0
DA:294,0
DA:300,0
FN:300,BaseDeployment.saveDeploymentResults
FNDA:0,BaseDeployment.saveDeploymentResults
DA:301,0
DA:325,0
DA:333,0
DA:334,0
FNF:10
FNH:0
LF:71
LH:0
BRF:3
BRH:0
end_of_record
TN:
SF:script/DeployHookWithMining.s.sol
DA:26,0
FN:26,DeployHookWithMining.run
FNDA:0,DeployHookWithMining.run
DA:27,0
DA:29,0
DA:30,0
DA:31,0
DA:34,0
DA:35,0
DA:36,0
DA:37,0
DA:38,0
DA:41,0
DA:42,0
DA:50,0
DA:53,0
DA:60,0
DA:61,0
DA:64,0
BRDA:64,0,0,-
BRDA:64,0,1,-
DA:67,0
DA:75,0
DA:76,0
DA:79,0
DA:80,0
DA:81,0
DA:82,0
DA:83,0
DA:84,0
DA:86,0
DA:92,0
FN:92,DeployHookWithMining.getMinerResult
FNDA:0,DeployHookWithMining.getMinerResult
DA:93,0
DA:96,0
DA:97,0
DA:105,0
FNF:2
FNH:0
LF:32
LH:0
BRF:2
BRH:0
end_of_record
TN:
SF:script/DeploymentUtils.s.sol
DA:25,0
FN:25,DeploymentUtils.verifyDeployment
FNDA:0,DeploymentUtils.verifyDeployment
DA:32,0
DA:33,0
BRDA:33,0,0,-
DA:34,0
DA:38,0
DA:39,0
BRDA:39,1,0,-
DA:40,0
DA:44,0
DA:45,0
BRDA:45,2,0,-
DA:46,0
DA:50,0
DA:51,0
BRDA:51,3,0,-
DA:52,0
DA:55,0
DA:61,0
FN:61,DeploymentUtils.verifyHook
FNDA:0,DeploymentUtils.verifyHook
DA:62,0
BRDA:62,4,0,-
DA:63,0
DA:66,0
BRDA:66,5,0,-
DA:67,0
BRDA:67,6,0,-
DA:68,0
DA:70,0
BRDA:70,5,1,-
DA:71,0
DA:74,0
BRDA:74,7,0,-
DA:75,0
BRDA:75,8,0,-
DA:76,0
DA:78,0
BRDA:78,7,1,-
DA:79,0
DA:82,0
BRDA:82,9,0,-
DA:83,0
BRDA:83,10,0,-
DA:84,0
DA:86,0
BRDA:86,9,1,-
DA:87,0
DA:90,0
DA:96,0
FN:96,DeploymentUtils.verifyPriceOracle
FNDA:0,DeploymentUtils.verifyPriceOracle
DA:97,0
BRDA:97,11,0,-
DA:98,0
DA:102,0
BRDA:102,12,0,-
DA:104,0
DA:105,0
BRDA:105,12,1,-
DA:106,0
DA:113,0
FN:113,DeploymentUtils.verifyServiceManager
FNDA:0,DeploymentUtils.verifyServiceManager
DA:114,0
BRDA:114,13,0,-
DA:115,0
DA:118,0
BRDA:118,14,0,-
DA:119,0
BRDA:119,15,0,-
DA:120,0
DA:122,0
BRDA:122,14,1,-
DA:123,0
DA:126,0
BRDA:126,16,0,-
DA:127,0
BRDA:127,17,0,-
DA:128,0
DA:130,0
BRDA:130,16,1,-
DA:131,0
DA:134,0
DA:140,0
FN:140,DeploymentUtils.verifyPriceFeedConfig
FNDA:0,DeploymentUtils.verifyPriceFeedConfig
DA:141,0
BRDA:141,18,0,-
DA:142,0
DA:145,0
BRDA:145,19,0,-
DA:146,0
BRDA:146,20,0,-
DA:147,0
DA:149,0
BRDA:149,19,1,-
DA:150,0
DA:153,0
DA:163,0
FN:163,DeploymentUtils.getDiagnostics
FNDA:0,DeploymentUtils.getDiagnostics
DA:169,0
DA:172,0
DA:173,0
BRDA:173,21,0,-
DA:174,0
BRDA:174,22,0,-
DA:175,0
DA:176,0
BRDA:176,22,1,-
DA:177,0
DA:180,0
BRDA:180,23,0,-
DA:181,0
DA:182,0
BRDA:182,23,1,-
DA:183,0
DA:186,0
BRDA:186,24,0,-
DA:187,0
DA:188,0
BRDA:188,24,1,-
DA:189,0
DA:194,0
DA:195,0
BRDA:195,25,0,-
DA:196,0
BRDA:196,26,0,-
DA:197,0
DA:198,0
BRDA:198,26,1,-
DA:199,0
DA:202,0
BRDA:202,27,0,-
DA:203,0
DA:204,0
BRDA:204,27,1,-
DA:205,0
DA:208,0
DA:212,0
DA:213,0
BRDA:213,28,0,-
DA:214,0
BRDA:214,29,0,-
DA:215,0
DA:216,0
BRDA:216,29,1,-
DA:217,0
DA:220,0
BRDA:220,30,0,-
DA:221,0
DA:222,0
BRDA:222,30,1,-
DA:223,0
DA:227,0
DA:229,0
DA:239,0
FN:239,DeploymentUtils.emergencyPauseAll
FNDA:0,DeploymentUtils.emergencyPauseAll
DA:243,0
DA:245,0
BRDA:245,31,0,-
DA:246,0
BRDA:246,32,0,-
DA:247,0
DA:248,0
BRDA:248,32,1,-
DA:249,0
DA:253,0
DA:259,0
FN:259,DeploymentUtils.emergencyUnpauseAll
FNDA:0,DeploymentUtils.emergencyUnpauseAll
DA:263,0
DA:265,0
BRDA:265,33,0,-
DA:266,0
BRDA:266,34,0,-
DA:267,0
DA:268,0
BRDA:268,34,1,-
DA:269,0
DA:273,0
DA:279,0
FN:279,DeploymentUtils.updateLVRThreshold
FNDA:0,DeploymentUtils.updateLVRThreshold
DA:284,0
BRDA:284,35,0,-
BRDA:284,35,1,-
DA:286,0
DA:288,0
BRDA:288,36,0,-
DA:289,0
BRDA:289,37,0,-
DA:290,0
DA:291,0
BRDA:291,37,1,-
DA:292,0
DA:296,0
DA:306,0
FN:306,DeploymentUtils.checkSystemHealth
FNDA:0,DeploymentUtils.checkSystemHealth
DA:310,0
DA:311,0
DA:314,0
BRDA:314,38,0,-
DA:315,0
BRDA:315,39,0,-
DA:316,0
BRDA:316,40,0,-
DA:317,0
DA:318,0
DA:320,0
BRDA:320,39,1,-
DA:321,0
DA:322,0
DA:327,0
BRDA:327,41,0,-
DA:328,0
BRDA:328,42,0,-
DA:329,0
BRDA:329,43,0,-
DA:330,0
DA:331,0
DA:333,0
BRDA:333,42,1,-
DA:334,0
DA:335,0
DA:339,0
BRDA:339,44,0,-
DA:340,0
DA:341,0
DA:345,0
BRDA:345,45,0,-
BRDA:345,45,1,-
DA:346,0
DA:348,0
DA:359,0
FN:359,DeploymentUtils.generateDeploymentReport
FNDA:0,DeploymentUtils.generateDeploymentReport
DA:366,0
FNF:11
FNH:0
LF:154
LH:0
BRF:67
BRH:0
end_of_record
TN:
SF:script/EmergencyDeployment.s.sol
DA:30,0
FN:30,EmergencyDeployment.run
FNDA:0,EmergencyDeployment.run
DA:31,0
DA:32,0
DA:33,0
DA:35,0
BRDA:35,0,0,-
BRDA:35,0,1,-
DA:37,0
DA:38,0
DA:39,0
DA:40,0
DA:42,0
DA:44,0
DA:47,0
DA:49,0
DA:51,0
DA:52,0
DA:53,0
DA:55,0
DA:61,0
FN:61,EmergencyDeployment._applyEmergencyConfiguration
FNDA:0,EmergencyDeployment._applyEmergencyConfiguration
DA:62,0
DA:64,0
DA:67,0
DA:68,0
DA:71,0
BRDA:71,1,0,-
DA:72,0
DA:73,0
DA:77,0
DA:78,0
DA:81,0
DA:82,0
DA:84,0
DA:90,0
FN:90,EmergencyDeployment._deployHook
FNDA:0,EmergencyDeployment._deployHook
DA:97,0
DA:103,0
DA:106,0
DA:114,0
DA:120,0
FN:120,EmergencyDeployment._logEmergencyWarnings
FNDA:0,EmergencyDeployment._logEmergencyWarnings
DA:121,0
DA:122,0
DA:123,0
DA:124,0
DA:125,0
DA:126,0
DA:127,0
DA:128,0
DA:129,0
DA:130,0
DA:131,0
DA:132,0
DA:133,0
DA:134,0
DA:135,0
DA:136,0
DA:137,0
DA:138,0
DA:139,0
DA:140,0
DA:141,0
DA:142,0
DA:143,0
DA:144,0
DA:145,0
DA:146,0
DA:147,0
DA:148,0
DA:154,0
FN:154,EmergencyDeployment.emergencyUnpause
FNDA:0,EmergencyDeployment.emergencyUnpause
DA:155,0
BRDA:155,2,0,-
BRDA:155,2,1,-
DA:157,0
DA:158,0
DA:160,0
DA:166,0
FN:166,EmergencyDeployment.emergencyRePause
FNDA:0,EmergencyDeployment.emergencyRePause
DA:167,0
BRDA:167,3,0,-
BRDA:167,3,1,-
DA:169,0
DA:170,0
DA:172,0
DA:178,0
FN:178,EmergencyDeployment.restoreNormalThreshold
FNDA:0,EmergencyDeployment.restoreNormalThreshold
DA:179,0
BRDA:179,4,0,-
BRDA:179,4,1,-
DA:181,0
DA:182,0
DA:184,0
FNF:7
FNH:0
LF:79
LH:0
BRF:9
BRH:0
end_of_record
TN:
SF:script/MultiNetworkDeployment.s.sol
DA:37,0
FN:37,MultiNetworkDeployment.run
FNDA:0,MultiNetworkDeployment.run
DA:38,0
DA:39,0
DA:42,0
DA:44,0
DA:46,0
DA:47,0
DA:48,0
DA:50,0
DA:51,0
DA:53,0
DA:58,0
BRDA:58,0,0,-
BRDA:58,0,1,-
DA:59,0
DA:61,0
DA:66,0
DA:67,0
DA:69,0
DA:71,0
DA:73,0
DA:78,0
DA:80,0
DA:86,0
FN:86,MultiNetworkDeployment._setupCrossNetworkConfig
FNDA:0,MultiNetworkDeployment._setupCrossNetworkConfig
DA:87,0
DA:94,0
DA:95,0
DA:96,0
DA:97,0
DA:103,0
FN:103,MultiNetworkDeployment._deployHook
FNDA:0,MultiNetworkDeployment._deployHook
DA:109,0
DA:111,0
BRDA:111,1,0,-
BRDA:111,1,1,-
DA:113,0
DA:118,0
DA:121,0
DA:123,0
DA:131,0
DA:137,0
FN:137,MultiNetworkDeployment._generateCrossNetworkSummary
FNDA:0,MultiNetworkDeployment._generateCrossNetworkSummary
DA:138,0
DA:140,0
DA:141,0
DA:148,0
DA:149,0
BRDA:149,2,0,-
DA:150,0
DA:161,0
DA:166,0
DA:181,0
DA:182,0
DA:185,0
DA:191,0
FN:191,MultiNetworkDeployment._saveMultiNetworkJSON
FNDA:0,MultiNetworkDeployment._saveMultiNetworkJSON
DA:192,0
DA:193,0
DA:201,0
DA:202,0
BRDA:202,3,0,-
DA:203,0
DA:217,0
DA:219,0
DA:220,0
DA:226,0
FN:226,MultiNetworkDeployment.getNetworkDeployment
FNDA:0,MultiNetworkDeployment.getNetworkDeployment
DA:227,0
DA:233,0
FN:233,MultiNetworkDeployment.areAllNetworksDeployed
FNDA:0,MultiNetworkDeployment.areAllNetworksDeployed
DA:234,0
DA:235,0
BRDA:235,4,0,-
DA:236,0
DA:239,0
FNF:7
FNH:0
LF:63
LH:0
BRF:7
BRH:0
end_of_record
TN:
SF:script/ProductionDeployment.s.sol
DA:32,0
FN:32,ProductionDeployment.run
FNDA:0,ProductionDeployment.run
DA:33,0
DA:34,0
DA:35,0
DA:37,0
BRDA:37,0,0,-
BRDA:37,0,1,-
DA:40,0
DA:41,0
DA:43,0
DA:45,0
DA:47,0
DA:50,0
BRDA:50,1,0,-
BRDA:50,1,1,-
DA:52,0
DA:53,0
DA:54,0
DA:56,0
DA:62,0
FN:62,ProductionDeployment._mineHookAddress
FNDA:0,ProductionDeployment._mineHookAddress
DA:63,0
DA:66,0
DA:74,0
DA:75,0
DA:77,0
DA:84,0
DA:85,0
DA:87,0
DA:88,0
DA:89,0
DA:92,0
BRDA:92,2,0,-
BRDA:92,2,1,-
DA:101,0
FN:101,ProductionDeployment._deployHook
FNDA:0,ProductionDeployment._deployHook
DA:107,0
BRDA:107,3,0,-
BRDA:107,3,1,-
DA:109,0
DA:111,0
DA:119,0
BRDA:119,4,0,-
BRDA:119,4,1,-
DA:121,0
DA:127,0
FN:127,ProductionDeployment._saveProductionArtifacts
FNDA:0,ProductionDeployment._saveProductionArtifacts
DA:129,0
DA:145,0
DA:151,0
DA:152,0
DA:155,0
DA:165,0
DA:171,0
DA:172,0
FNF:4
FNH:0
LF:42
LH:0
BRF:10
BRH:0
end_of_record
TN:
SF:script/SimpleDeployment.s.sol
DA:13,0
FN:13,SimpleDeployment.run
FNDA:0,SimpleDeployment.run
DA:14,0
DA:15,0
DA:16,0
DA:18,0
BRDA:18,0,0,-
BRDA:18,0,1,-
DA:20,0
DA:22,0
DA:24,0
DA:26,0
DA:27,0
DA:29,0
DA:35,0
FN:35,SimpleDeployment._deployHook
FNDA:0,SimpleDeployment._deployHook
DA:43,0
DA:45,0
DA:53,0
FNF:2
FNH:0
LF:15
LH:0
BRF:2
BRH:0
end_of_record
TN:
SF:script/TestnetDeployment.s.sol
DA:19,0
FN:19,MockERC20.initialize
FNDA:0,MockERC20.initialize
DA:20,0
DA:21,0
DA:22,0
DA:25,0
FN:25,MockERC20.mint
FNDA:0,MockERC20.mint
DA:26,0
DA:27,0
DA:28,0
DA:31,0
FN:31,MockERC20.transfer
FNDA:0,MockERC20.transfer
DA:32,0
BRDA:32,0,0,-
BRDA:32,0,1,-
DA:33,0
DA:34,0
DA:35,0
DA:36,0
DA:39,0
FN:39,MockERC20.approve
FNDA:0,MockERC20.approve
DA:40,0
DA:41,0
DA:42,0
DA:56,0
FN:56,TestnetDeployment.run
FNDA:0,TestnetDeployment.run
DA:57,0
DA:58,0
DA:59,0
DA:61,0
BRDA:61,0,0,-
BRDA:61,0,1,-
DA:63,0
DA:66,0
DA:68,0
DA:71,0
DA:73,0
DA:75,0
DA:76,0
DA:77,0
DA:79,0
DA:85,0
FN:85,TestnetDeployment._deployMockTokens
FNDA:0,TestnetDeployment._deployMockTokens
DA:86,0
DA:89,0
DA:90,0
DA:91,0
DA:92,0
DA:95,0
DA:96,0
DA:97,0
DA:98,0
DA:101,0
DA:102,0
DA:103,0
DA:104,0
DA:107,0
DA:108,0
DA:109,0
DA:110,0
DA:112,0
DA:118,0
FN:118,TestnetDeployment._deployHook
FNDA:0,TestnetDeployment._deployHook
DA:125,0
DA:127,0
DA:129,0
DA:137,0
DA:143,0
FN:143,TestnetDeployment._setupTestnetConfiguration
FNDA:0,TestnetDeployment._setupTestnetConfiguration
DA:144,0
DA:146,0
DA:147,0
DA:148,0
DA:151,0
DA:152,0
DA:155,0
DA:156,0
DA:159,0
DA:160,0
DA:162,0
DA:163,0
DA:165,0
DA:166,0
DA:167,0
DA:170,0
BRDA:170,1,0,-
DA:172,0
DA:179,0
FN:179,TestnetDeployment._logTestnetInfo
FNDA:0,TestnetDeployment._logTestnetInfo
DA:180,0
DA:181,0
DA:182,0
DA:184,0
BRDA:184,2,0,-
DA:185,0
DA:186,0
DA:187,0
DA:190,0
DA:191,0
DA:192,0
DA:193,0
DA:194,0
DA:195,0
DA:197,0
DA:198,0
DA:199,0
DA:200,0
DA:201,0
DA:202,0
DA:208,0
FN:208,TestnetDeployment.getMockTokens
FNDA:0,TestnetDeployment.getMockTokens
DA:213,0
FNF:10
FNH:0
LF:96
LH:0
BRF:6
BRH:0
end_of_record
TN:
SF:script/UpgradeDeployment.s.sol
DA:30,0
FN:30,UpgradeDeployment.run
FNDA:0,UpgradeDeployment.run
DA:31,0
DA:32,0
DA:33,0
DA:36,0
DA:38,0
BRDA:38,0,0,-
BRDA:38,0,1,-
DA:40,0
DA:43,0
DA:46,0
DA:49,0
DA:51,0
DA:53,0
DA:54,0
DA:55,0
DA:57,0
DA:63,0
FN:63,UpgradeDeployment._loadOldContracts
FNDA:0,UpgradeDeployment._loadOldContracts
DA:65,0
DA:66,0
DA:67,0
DA:68,0
DA:71,0
BRDA:71,1,0,-
DA:72,0
DA:75,0
DA:76,0
DA:77,0
DA:78,0
DA:79,0
DA:85,0
FN:85,UpgradeDeployment._loadFromDeploymentFile
FNDA:0,UpgradeDeployment._loadFromDeploymentFile
DA:88,0
DA:89,0
DA:95,0
FN:95,UpgradeDeployment._backupOldState
FNDA:0,UpgradeDeployment._backupOldState
DA:96,0
DA:98,0
BRDA:98,2,0,-
DA:99,0
DA:101,0
DA:102,0
DA:103,0
DA:104,0
DA:109,0
DA:115,0
FN:115,UpgradeDeployment._migrateData
FNDA:0,UpgradeDeployment._migrateData
DA:116,0
DA:118,0
BRDA:118,3,0,-
DA:119,0
DA:120,0
DA:123,0
DA:126,0
DA:129,0
BRDA:129,4,0,-
DA:130,0
DA:134,0
DA:140,0
FN:140,UpgradeDeployment._migrateOperatorAuthorizations
FNDA:0,UpgradeDeployment._migrateOperatorAuthorizations
DA:141,0
DA:147,0
DA:148,0
BRDA:148,5,0,-
DA:149,0
DA:150,0
DA:154,0
BRDA:154,6,0,-
DA:155,0
BRDA:155,7,0,-
DA:156,0
DA:157,0
DA:165,0
FN:165,UpgradeDeployment._migrateConfiguration
FNDA:0,UpgradeDeployment._migrateConfiguration
DA:166,0
DA:169,0
DA:170,0
DA:172,0
BRDA:172,8,0,-
DA:173,0
DA:178,0
DA:179,0
DA:181,0
BRDA:181,9,0,-
DA:182,0
DA:183,0
DA:187,0
BRDA:187,10,0,-
DA:188,0
DA:189,0
DA:196,0
FN:196,UpgradeDeployment._migratePriceFeeds
FNDA:0,UpgradeDeployment._migratePriceFeeds
DA:197,0
DA:199,0
DA:202,0
DA:204,0
BRDA:204,11,0,-
DA:205,0
DA:206,0
DA:213,0
FN:213,UpgradeDeployment._deployHook
FNDA:0,UpgradeDeployment._deployHook
DA:220,0
DA:226,0
DA:228,0
DA:236,0
DA:242,0
FN:242,UpgradeDeployment._logMigrationSummary
FNDA:0,UpgradeDeployment._logMigrationSummary
DA:243,0
DA:244,0
DA:245,0
DA:246,0
DA:247,0
DA:248,0
DA:249,0
DA:250,0
DA:251,0
DA:252,0
DA:253,0
DA:254,0
DA:255,0
DA:256,0
FNF:10
FNH:0
LF:100
LH:0
BRF:13
BRH:0
end_of_record
TN:
SF:src/ChainlinkPriceOracle.sol
DA:49,248
FN:49,ChainlinkPriceOracle.addPriceFeed
FNDA:248,ChainlinkPriceOracle.addPriceFeed
DA:54,247
BRDA:54,0,0,1
BRDA:54,0,1,246
DA:56,246
DA:57,246
DA:59,246
DA:67,4
FN:67,ChainlinkPriceOracle.removePriceFeed
FNDA:4,ChainlinkPriceOracle.removePriceFeed
DA:68,3
DA:69,3
DA:71,3
DA:80,27
FN:80,ChainlinkPriceOracle.getPrice
FNDA:27,ChainlinkPriceOracle.getPrice
DA:81,27
DA:82,27
DA:84,27
BRDA:84,1,0,1
DA:85,1
DA:88,26
DA:90,26
BRDA:90,2,0,4
DA:91,4
DA:95,22
BRDA:95,3,0,2
DA:96,2
DA:99,20
DA:100,20
DA:103,20
BRDA:103,4,0,-
DA:104,0
DA:114,1
FN:114,ChainlinkPriceOracle.getPriceAtTime
FNDA:1,ChainlinkPriceOracle.getPriceAtTime
DA:121,1
DA:130,5
FN:130,ChainlinkPriceOracle.isPriceStale
FNDA:5,ChainlinkPriceOracle.isPriceStale
DA:131,5
DA:132,5
DA:134,5
BRDA:134,5,0,1
DA:135,1
DA:138,4
DA:141,4
BRDA:141,6,0,1
DA:142,1
DA:145,3
DA:154,2
FN:154,ChainlinkPriceOracle.getLastUpdateTime
FNDA:2,ChainlinkPriceOracle.getLastUpdateTime
DA:155,2
DA:156,2
DA:158,2
BRDA:158,7,0,1
DA:159,1
DA:162,1
DA:171,283
FN:171,ChainlinkPriceOracle._getPairKey
FNDA:283,ChainlinkPriceOracle._getPairKey
DA:173,283
BRDA:173,8,0,179
BRDA:173,8,1,104
DA:174,179
DA:176,104
DA:186,20
FN:186,ChainlinkPriceOracle._normalizePrice
FNDA:20,ChainlinkPriceOracle._normalizePrice
DA:187,20
BRDA:187,9,0,2
BRDA:187,9,1,2
DA:188,2
DA:189,18
BRDA:189,10,0,16
BRDA:189,10,1,2
DA:191,16
DA:194,2
FNF:8
FNH:8
LF:50
LH:49
BRF:15
BRH:14
end_of_record
TN:
SF:src/EigenLVRAVSServiceManager.sol
DA:113,2
FN:113,EigenLVRAVSServiceManager.onlyRegisteredOperator
FNDA:2,EigenLVRAVSServiceManager.onlyRegisteredOperator
DA:114,2
BRDA:114,0,0,1
BRDA:114,0,1,18
DA:118,18
FN:118,EigenLVRAVSServiceManager.onlyValidTask
FNDA:18,EigenLVRAVSServiceManager.onlyValidTask
DA:119,18
BRDA:119,1,0,1
BRDA:119,1,1,17
DA:120,17
BRDA:120,2,0,1
BRDA:120,2,1,16
DA:128,29
FN:128,EigenLVRAVSServiceManager.constructor
FNDA:29,EigenLVRAVSServiceManager.constructor
DA:129,29
DA:140,54
FN:140,EigenLVRAVSServiceManager.registerOperator
FNDA:54,EigenLVRAVSServiceManager.registerOperator
DA:141,54
BRDA:141,3,0,1
BRDA:141,3,1,53
DA:142,53
BRDA:142,4,0,1
BRDA:142,4,1,52
DA:145,52
DA:148,52
DA:149,52
DA:150,52
DA:152,52
DA:158,2
FN:158,EigenLVRAVSServiceManager.deregisterOperator
FNDA:2,EigenLVRAVSServiceManager.deregisterOperator
DA:160,1
DA:163,1
DA:164,1
DA:165,1
DA:168,1
DA:171,1
DA:173,1
DA:179,2
FN:179,EigenLVRAVSServiceManager.addStake
FNDA:2,EigenLVRAVSServiceManager.addStake
DA:180,1
DA:193,12
FN:193,EigenLVRAVSServiceManager.createAuctionTask
FNDA:12,EigenLVRAVSServiceManager.createAuctionTask
DA:197,11
BRDA:197,5,0,1
BRDA:197,5,1,10
DA:199,10
DA:200,10
DA:202,10
DA:210,10
DA:211,10
DA:213,10
DA:215,10
DA:225,19
FN:225,EigenLVRAVSServiceManager.respondToTask
FNDA:19,EigenLVRAVSServiceManager.respondToTask
DA:231,16
BRDA:231,6,0,1
BRDA:231,6,1,15
DA:232,15
BRDA:232,7,0,1
BRDA:232,7,1,14
DA:234,14
DA:243,14
DA:244,14
DA:246,14
DA:249,14
DA:256,14
FN:256,EigenLVRAVSServiceManager._checkAndCompleteTask
FNDA:14,EigenLVRAVSServiceManager._checkAndCompleteTask
DA:257,14
DA:258,14
DA:259,14
DA:260,14
DA:263,14
DA:264,42
DA:265,26
BRDA:265,8,0,26
DA:266,26
DA:268,26
DA:271,26
DA:272,26
DA:273,78
DA:274,58
BRDA:274,9,0,58
DA:275,58
DA:276,58
DA:277,50
BRDA:277,10,0,50
DA:278,50
DA:283,26
BRDA:283,11,0,14
DA:284,14
DA:285,14
DA:286,14
DA:292,14
DA:293,4
BRDA:293,12,0,3
DA:295,3
DA:296,3
DA:298,3
DA:301,3
DA:311,3
FN:311,EigenLVRAVSServiceManager._distributeRewards
FNDA:3,EigenLVRAVSServiceManager._distributeRewards
DA:312,3
DA:313,3
DA:315,3
DA:316,9
DA:317,9
BRDA:317,13,0,9
DA:318,9
DA:321,9
BRDA:321,14,0,9
DA:322,9
DA:327,3
DA:338,2
FN:338,EigenLVRAVSServiceManager.challengeTask
FNDA:2,EigenLVRAVSServiceManager.challengeTask
DA:339,2
BRDA:339,15,0,1
BRDA:339,15,1,1
DA:340,1
BRDA:340,16,0,-
BRDA:340,16,1,1
DA:341,1
BRDA:341,17,0,-
BRDA:341,17,1,1
DA:342,1
BRDA:342,18,0,-
BRDA:342,18,1,1
DA:348,1
DA:350,1
DA:364,3
FN:364,EigenLVRAVSServiceManager.getTask
FNDA:3,EigenLVRAVSServiceManager.getTask
DA:365,3
DA:374,1
FN:374,EigenLVRAVSServiceManager.getTaskResponse
FNDA:1,EigenLVRAVSServiceManager.getTaskResponse
DA:379,1
DA:386,2
FN:386,EigenLVRAVSServiceManager.getOperatorCount
FNDA:2,EigenLVRAVSServiceManager.getOperatorCount
DA:387,2
DA:394,2
FN:394,EigenLVRAVSServiceManager.hasQuorum
FNDA:2,EigenLVRAVSServiceManager.hasQuorum
DA:395,2
DA:407,3
FN:407,EigenLVRAVSServiceManager.slashOperator
FNDA:3,EigenLVRAVSServiceManager.slashOperator
DA:408,2
BRDA:408,19,0,1
BRDA:408,19,1,1
DA:410,1
DA:411,1
DA:413,1
DA:419,2
FN:419,EigenLVRAVSServiceManager.withdraw
FNDA:2,EigenLVRAVSServiceManager.withdraw
DA:420,1
DA:421,1
BRDA:421,20,0,1
DA:422,1
DA:423,1
BRDA:423,21,0,-
BRDA:423,21,1,1
DA:430,1
FN:430,EigenLVRAVSServiceManager.fundRewardPool
FNDA:1,EigenLVRAVSServiceManager.fundRewardPool
DA:431,1
DA:442,1
FN:442,EigenLVRAVSServiceManager._removeOperator
FNDA:1,EigenLVRAVSServiceManager._removeOperator
DA:443,1
DA:444,1
BRDA:444,22,0,1
DA:445,1
DA:446,1
DA:447,1
DA:455,1
FN:455,EigenLVRAVSServiceManager.receive
FNDA:1,EigenLVRAVSServiceManager.receive
DA:456,1
FNF:20
FNH:20
LF:115
LH:115
BRF:37
BRH:33
end_of_record
TN:
SF:src/EigenLVRHook.sol
DA:135,7
FN:135,EigenLVRHook.onlyAuthorizedOperator
FNDA:7,EigenLVRHook.onlyAuthorizedOperator
DA:136,7
BRDA:136,0,0,3
BRDA:136,0,1,4
DA:140,4
FN:140,EigenLVRHook.onlyActiveAuction
FNDA:4,EigenLVRHook.onlyActiveAuction
DA:141,4
BRDA:141,1,0,-
BRDA:141,1,1,4
DA:149,104
FN:149,EigenLVRHook.constructor
FNDA:104,EigenLVRHook.constructor
DA:156,104
DA:157,104
DA:158,104
DA:159,104
DA:169,3
FN:169,EigenLVRHook.getHookPermissions
FNDA:3,EigenLVRHook.getHookPermissions
DA:170,3
DA:191,8
FN:191,EigenLVRHook._beforeAddLiquidity
FNDA:8,EigenLVRHook._beforeAddLiquidity
DA:196,8
DA:199,8
BRDA:199,2,0,7
DA:200,7
DA:201,7
DA:204,8
DA:211,2
FN:211,EigenLVRHook._beforeRemoveLiquidity
FNDA:2,EigenLVRHook._beforeRemoveLiquidity
DA:217,2
DA:220,2
BRDA:220,3,0,1
DA:221,1
DA:222,1
DA:223,1
DA:226,2
DA:232,24
FN:232,EigenLVRHook._beforeSwap
FNDA:24,EigenLVRHook._beforeSwap
DA:238,23
DA:241,23
BRDA:241,4,0,15
DA:242,15
DA:245,23
DA:251,7
FN:251,EigenLVRHook._afterSwap
FNDA:7,EigenLVRHook._afterSwap
DA:258,7
DA:259,7
DA:262,7
BRDA:262,5,0,6
DA:263,6
DA:266,7
DA:277,15
FN:277,EigenLVRHook._startAuction
FNDA:15,EigenLVRHook._startAuction
DA:279,15
BRDA:279,6,0,15
DA:280,15
DA:283,13
DA:286,13
DA:297,13
DA:299,13
DA:308,7
FN:308,EigenLVRHook.submitAuctionResult
FNDA:7,EigenLVRHook.submitAuctionResult
DA:313,4
DA:316,4
BRDA:316,7,0,1
BRDA:316,7,1,3
DA:322,3
DA:323,3
DA:324,3
DA:325,3
DA:327,3
DA:335,6
FN:335,EigenLVRHook._processAuctionResult
FNDA:6,EigenLVRHook._processAuctionResult
DA:336,6
DA:337,6
DA:339,6
BRDA:339,8,0,4
DA:341,4
DA:342,4
DA:343,4
DA:346,4
DA:347,4
DA:350,4
BRDA:350,9,0,4
DA:351,4
DA:353,4
BRDA:353,10,0,4
DA:354,4
DA:357,4
DA:361,6
DA:369,4
FN:369,EigenLVRHook._updateLPRewards
FNDA:4,EigenLVRHook._updateLPRewards
DA:373,4
DA:384,1
FN:384,EigenLVRHook.claimRewards
FNDA:1,EigenLVRHook.claimRewards
DA:385,1
DA:386,1
BRDA:386,11,0,1
BRDA:386,11,1,-
DA:388,0
DA:389,0
DA:392,0
DA:394,0
BRDA:394,12,0,-
DA:395,0
DA:396,0
DA:398,0
DA:400,0
DA:413,45
FN:413,EigenLVRHook.setOperatorAuthorization
FNDA:45,EigenLVRHook.setOperatorAuthorization
DA:414,42
DA:415,42
DA:422,527
FN:422,EigenLVRHook.setLVRThreshold
FNDA:527,EigenLVRHook.setLVRThreshold
DA:423,524
BRDA:423,13,0,260
BRDA:423,13,1,264
DA:424,264
DA:425,264
DA:426,264
DA:433,10
FN:433,EigenLVRHook.setFeeRecipient
FNDA:10,EigenLVRHook.setFeeRecipient
DA:434,7
BRDA:434,14,0,4
BRDA:434,14,1,3
DA:435,3
DA:441,15
FN:441,EigenLVRHook.pause
FNDA:15,EigenLVRHook.pause
DA:442,12
DA:448,7
FN:448,EigenLVRHook.unpause
FNDA:7,EigenLVRHook.unpause
DA:449,4
DA:462,23
FN:462,EigenLVRHook._shouldTriggerAuction
FNDA:23,EigenLVRHook._shouldTriggerAuction
DA:467,23
DA:468,23
DA:471,23
DA:476,23
DA:484,1
FN:484,EigenLVRHook._getPoolPrice
FNDA:1,EigenLVRHook._getPoolPrice
DA:493,1
DA:495,1
BRDA:495,15,0,1
DA:497,1
DA:504,0
DA:508,0
DA:511,0
BRDA:511,16,0,-
DA:513,0
BRDA:513,17,0,-
DA:514,0
DA:518,0
DA:525,1
FN:525,EigenLVRHook._getSqrtPriceFromPool
FNDA:1,EigenLVRHook._getSqrtPriceFromPool
DA:532,0
DA:541,0
FN:541,EigenLVRHook._shouldInvertPrice
FNDA:0,EigenLVRHook._shouldInvertPrice
DA:548,0
DA:549,0
DA:552,0
DA:553,0
DA:554,0
DA:557,0
BRDA:557,18,0,-
DA:558,0
DA:562,0
BRDA:562,19,0,-
DA:563,0
DA:567,0
DA:575,21
FN:575,EigenLVRHook._isSignificantSwap
FNDA:21,EigenLVRHook._isSignificantSwap
DA:577,21
FNF:23
FNH:22
LF:123
LH:97
BRF:26
BRH:19
end_of_record
TN:
SF:src/ProductionPriceFeedConfig.sol
DA:56,38
FN:56,ProductionPriceFeedConfig.constructor
FNDA:38,ProductionPriceFeedConfig.constructor
DA:57,38
DA:67,9
FN:67,ProductionPriceFeedConfig.configureMainnet
FNDA:9,ProductionPriceFeedConfig.configureMainnet
DA:68,11
BRDA:68,0,0,1
BRDA:68,0,1,10
DA:71,10
DA:72,10
DA:74,10
DA:75,10
DA:78,10
DA:79,10
DA:80,10
DA:81,10
DA:84,10
DA:85,10
DA:86,10
DA:87,10
DA:90,10
DA:91,10
DA:93,10
DA:94,10
DA:100,5
FN:100,ProductionPriceFeedConfig.configureSepolia
FNDA:5,ProductionPriceFeedConfig.configureSepolia
DA:101,5
BRDA:101,1,0,1
BRDA:101,1,1,4
DA:104,4
DA:105,4
DA:106,4
DA:109,4
DA:110,4
DA:111,4
DA:114,4
DA:115,4
DA:116,4
DA:118,4
DA:119,4
DA:125,5
FN:125,ProductionPriceFeedConfig.configureBase
FNDA:5,ProductionPriceFeedConfig.configureBase
DA:126,5
BRDA:126,2,0,1
BRDA:126,2,1,4
DA:129,4
DA:130,4
DA:131,4
DA:134,4
DA:135,4
DA:136,4
DA:139,4
DA:140,4
DA:141,4
DA:143,4
DA:144,4
DA:150,5
FN:150,ProductionPriceFeedConfig.configureArbitrum
FNDA:5,ProductionPriceFeedConfig.configureArbitrum
DA:151,5
BRDA:151,3,0,1
BRDA:151,3,1,4
DA:154,4
DA:155,4
DA:156,4
DA:157,4
DA:160,4
DA:161,4
DA:162,4
DA:163,4
DA:166,4
DA:167,4
DA:168,4
DA:169,4
DA:171,4
DA:172,4
DA:185,95
FN:185,ProductionPriceFeedConfig._addPriceFeed
FNDA:95,ProductionPriceFeedConfig._addPriceFeed
DA:191,95
DA:197,94
DA:207,20
FN:207,ProductionPriceFeedConfig._addDerivedPriceFeed
FNDA:20,ProductionPriceFeedConfig._addDerivedPriceFeed
DA:216,20
DA:222,20
DA:235,4
FN:235,ProductionPriceFeedConfig.addCustomPriceFeed
FNDA:4,ProductionPriceFeedConfig.addCustomPriceFeed
DA:240,3
DA:248,2
FN:248,ProductionPriceFeedConfig.removePriceFeed
FNDA:2,ProductionPriceFeedConfig.removePriceFeed
DA:252,1
DA:257,1
DA:267,6
FN:267,ProductionPriceFeedConfig.autoConfigureNetwork
FNDA:6,ProductionPriceFeedConfig.autoConfigureNetwork
DA:268,5
DA:275,2
FN:275,ProductionPriceFeedConfig.isCurrentNetworkConfigured
FNDA:2,ProductionPriceFeedConfig.isCurrentNetworkConfigured
DA:276,2
DA:283,10
FN:283,ProductionPriceFeedConfig.getCurrentNetworkName
FNDA:10,ProductionPriceFeedConfig.getCurrentNetworkName
DA:284,10
DA:286,10
DA:287,8
DA:288,6
DA:289,4
DA:290,2
DA:292,1
DA:303,4
FN:303,ProductionPriceFeedConfig.batchAddPriceFeeds
FNDA:4,ProductionPriceFeedConfig.batchAddPriceFeeds
DA:304,3
DA:305,12
DA:306,12
DA:318,4
FN:318,ProductionPriceFeedConfig.emergencyReconfigure
FNDA:4,ProductionPriceFeedConfig.emergencyReconfigure
DA:319,3
DA:320,3
DA:326,8
FN:326,ProductionPriceFeedConfig._autoConfigureNetwork
FNDA:8,ProductionPriceFeedConfig._autoConfigureNetwork
DA:327,8
DA:329,8
BRDA:329,9,0,3
BRDA:329,9,1,2
DA:330,3
DA:331,5
BRDA:331,10,0,1
BRDA:331,10,1,2
DA:332,1
DA:333,4
BRDA:333,11,0,1
BRDA:333,11,1,2
DA:334,1
DA:335,3
BRDA:335,12,0,1
BRDA:335,12,1,2
DA:336,1
DA:338,2
FNF:15
FNH:15
LF:103
LH:103
BRF:16
BRH:16
end_of_record
TN:
SF:src/libraries/AuctionLib.sol
DA:54,812
FN:54,AuctionLib.isAuctionActive
FNDA:812,AuctionLib.isAuctionActive
DA:55,812
DA:58,434
BRDA:58,1,0,8
DA:60,8
DA:64,426
BRDA:64,2,0,6
DA:66,6
DA:69,420
DA:70,420
DA:78,798
FN:78,AuctionLib.isAuctionEnded
FNDA:798,AuctionLib.isAuctionEnded
DA:80,798
BRDA:80,3,0,5
DA:82,5
DA:86,793
BRDA:86,4,0,5
DA:88,5
DA:91,788
DA:99,804
FN:99,AuctionLib.getTimeRemaining
FNDA:804,AuctionLib.getTimeRemaining
DA:100,804
DA:103,429
DA:106,299
BRDA:106,7,0,5
DA:108,5
BRDA:108,8,0,5
BRDA:108,8,1,-
DA:109,5
DA:111,0
DA:116,294
BRDA:116,9,0,2
DA:119,2
BRDA:119,10,0,2
BRDA:119,10,1,-
DA:120,2
DA:122,0
DA:126,292
DA:127,292
DA:130,130
DA:140,5947
FN:140,AuctionLib.generateCommitment
FNDA:5947,AuctionLib.generateCommitment
DA:145,5947
DA:156,2848
FN:156,AuctionLib.verifyCommitment
FNDA:2848,AuctionLib.verifyCommitment
DA:162,2848
FNF:5
FNH:5
LF:32
LH:30
BRF:10
BRH:8
end_of_record
TN:
SF:src/libraries/AuctionLibFixed.sol
DA:54,0
FN:54,AuctionLibFixed.isAuctionActive
FNDA:0,AuctionLibFixed.isAuctionActive
DA:55,0
DA:58,0
DA:61,0
BRDA:61,2,0,-
DA:63,0
DA:69,0
BRDA:69,3,0,-
DA:71,0
DA:74,0
DA:75,0
DA:84,0
FN:84,AuctionLibFixed.isAuctionEnded
FNDA:0,AuctionLibFixed.isAuctionEnded
DA:86,0
BRDA:86,4,0,-
DA:88,0
DA:93,0
BRDA:93,5,0,-
DA:95,0
DA:98,0
DA:107,0
FN:107,AuctionLibFixed.getTimeRemaining
FNDA:0,AuctionLibFixed.getTimeRemaining
DA:108,0
DA:111,0
DA:114,0
BRDA:114,8,0,-
DA:116,0
DA:121,0
BRDA:121,9,0,-
DA:123,0
DA:126,0
DA:127,0
DA:130,0
DA:141,0
FN:141,AuctionLibFixed.generateCommitment
FNDA:0,AuctionLibFixed.generateCommitment
DA:146,0
DA:157,0
FN:157,AuctionLibFixed.verifyCommitment
FNDA:0,AuctionLibFixed.verifyCommitment
DA:163,0
FNF:5
FNH:0
LF:29
LH:0
BRF:6
BRH:0
end_of_record
TN:
SF:src/utils/HookMiner.sol
DA:20,718
FN:20,HookMiner.find
FNDA:718,HookMiner.find
DA:26,718
DA:29,718
BRDA:29,0,0,46
DA:30,46
DA:31,46
DA:32,46
DA:36,672
DA:37,514671
DA:38,514671
DA:40,514671
BRDA:40,1,0,672
DA:41,672
DA:45,0
DA:55,516801
FN:55,HookMiner.computeAddress
FNDA:516801,HookMiner.computeAddress
DA:60,516801
DA:68,516801
FNF:2
FNH:2
LF:15
LH:14
BRF:2
BRH:2
end_of_record
TN:
SF:src/utils/HookMinerFixed.sol
DA:20,0
FN:20,HookMinerFixed.find
FNDA:0,HookMinerFixed.find
DA:26,0
DA:29,0
BRDA:29,0,0,-
DA:30,0
DA:31,0
DA:32,0
DA:36,0
DA:37,0
DA:38,0
DA:41,0
BRDA:41,1,0,-
DA:42,0
DA:48,0
DA:49,0
DA:50,0
DA:52,0
BRDA:52,2,0,-
DA:53,0
DA:57,0
DA:67,0
FN:67,HookMinerFixed.computeAddress
FNDA:0,HookMinerFixed.computeAddress
DA:72,0
DA:80,0
DA:89,0
FN:89,HookMinerFixed.hasValidFlags
FNDA:0,HookMinerFixed.hasValidFlags
DA:90,0
DA:105,0
FN:105,HookMinerFixed.mineAddress
FNDA:0,HookMinerFixed.mineAddress
DA:114,0
DA:116,0
BRDA:116,3,0,-
DA:117,0
DA:119,0
BRDA:119,4,0,-
DA:120,0
DA:122,0
BRDA:122,5,0,-
DA:123,0
DA:125,0
BRDA:125,6,0,-
DA:126,0
DA:129,0
FNF:4
FNH:0
LF:33
LH:0
BRF:7
BRH:0
end_of_record
TN:
SF:test/ChainlinkPriceOracle.t.sol
DA:19,122
FN:19,MockChainlinkAggregator.constructor
FNDA:122,MockChainlinkAggregator.constructor
DA:20,122
DA:21,122
DA:22,122
DA:23,122
DA:24,122
DA:25,122
DA:26,122
DA:29,16
FN:29,MockChainlinkAggregator.decimals
FNDA:16,MockChainlinkAggregator.decimals
DA:30,16
DA:33,0
FN:33,MockChainlinkAggregator.description
FNDA:0,MockChainlinkAggregator.description
DA:34,0
DA:37,0
FN:37,MockChainlinkAggregator.version
FNDA:0,MockChainlinkAggregator.version
DA:38,0
DA:41,0
FN:41,MockChainlinkAggregator.getRoundData
FNDA:0,MockChainlinkAggregator.getRoundData
DA:46,0
DA:49,24
FN:49,MockChainlinkAggregator.latestRoundData
FNDA:24,MockChainlinkAggregator.latestRoundData
DA:54,24
DA:57,0
FN:57,MockChainlinkAggregator.setPrice
FNDA:0,MockChainlinkAggregator.setPrice
DA:58,0
DA:59,0
DA:60,0
DA:63,4
FN:63,MockChainlinkAggregator.setUpdatedAt
FNDA:4,MockChainlinkAggregator.setUpdatedAt
DA:64,4
DA:67,0
FN:67,MockChainlinkAggregator.setDecimals
FNDA:0,MockChainlinkAggregator.setDecimals
DA:68,0
FNF:9
FNH:4
LF:26
LH:14
BRF:0
BRH:0
end_of_record
TN:
SF:test/EigenLVRAVSServiceManager.t.sol
DA:12,52
FN:12,MockAVSDirectory.registerOperatorToAVS
FNDA:52,MockAVSDirectory.registerOperatorToAVS
DA:13,52
DA:16,1
FN:16,MockAVSDirectory.deregisterOperatorFromAVS
FNDA:1,MockAVSDirectory.deregisterOperatorFromAVS
DA:17,1
DA:20,0
FN:20,MockAVSDirectory.isOperatorRegistered
FNDA:0,MockAVSDirectory.isOperatorRegistered
DA:21,0
DA:24,0
FN:24,MockAVSDirectory.getOperatorStake
FNDA:0,MockAVSDirectory.getOperatorStake
DA:25,0
DA:28,0
FN:28,MockAVSDirectory.setOperatorStake
FNDA:0,MockAVSDirectory.setOperatorStake
DA:29,0
FNF:5
FNH:2
LF:10
LH:4
BRF:0
BRH:0
end_of_record
TN:
SF:test/EigenLVRAdminTests.t.sol
DA:15,0
FN:15,MockPoolManager.unlock
FNDA:0,MockPoolManager.unlock
DA:22,0
FN:22,MockAVSDirectory.registerOperatorToAVS
FNDA:0,MockAVSDirectory.registerOperatorToAVS
DA:23,0
DA:26,0
FN:26,MockAVSDirectory.deregisterOperatorFromAVS
FNDA:0,MockAVSDirectory.deregisterOperatorFromAVS
DA:27,0
DA:30,0
FN:30,MockAVSDirectory.isOperatorRegistered
FNDA:0,MockAVSDirectory.isOperatorRegistered
DA:31,0
DA:34,0
FN:34,MockAVSDirectory.getOperatorStake
FNDA:0,MockAVSDirectory.getOperatorStake
DA:35,0
DA:38,0
FN:38,MockAVSDirectory.setOperatorStake
FNDA:0,MockAVSDirectory.setOperatorStake
DA:39,0
DA:44,0
FN:44,MockPriceOracle.getPrice
FNDA:0,MockPriceOracle.getPrice
DA:45,0
FNF:7
FNH:0
LF:13
LH:0
BRF:0
BRH:0
end_of_record
TN:
SF:test/EigenLVRComponents.t.sol
DA:18,7
FN:18,MockAggregator.constructor
FNDA:7,MockAggregator.constructor
DA:19,7
DA:20,7
DA:21,7
DA:24,7
FN:24,MockAggregator.latestRoundData
FNDA:7,MockAggregator.latestRoundData
DA:31,7
DA:34,2
FN:34,MockAggregator.setPrice
FNDA:2,MockAggregator.setPrice
DA:35,2
DA:36,2
DA:39,1
FN:39,MockAggregator.setUpdatedAt
FNDA:1,MockAggregator.setUpdatedAt
DA:40,1
FNF:4
FNH:4
LF:11
LH:11
BRF:0
BRH:0
end_of_record
TN:
SF:test/EigenLVRHook.t.sol
DA:22,0
FN:22,MockPoolManager.unlock
FNDA:0,MockPoolManager.unlock
DA:23,0
DA:25,0
FN:25,MockPoolManager.initialize
FNDA:0,MockPoolManager.initialize
DA:26,0
DA:28,0
FN:28,MockPoolManager.modifyLiquidity
FNDA:0,MockPoolManager.modifyLiquidity
DA:30,0
DA:32,0
FN:32,MockPoolManager.swap
FNDA:0,MockPoolManager.swap
DA:34,0
DA:36,0
FN:36,MockPoolManager.donate
FNDA:0,MockPoolManager.donate
DA:38,0
DA:40,0
FN:40,MockPoolManager.sync
FNDA:0,MockPoolManager.sync
DA:41,0
FN:41,MockPoolManager.take
FNDA:0,MockPoolManager.take
DA:42,0
FN:42,MockPoolManager.settle
FNDA:0,MockPoolManager.settle
DA:43,0
DA:45,0
FN:45,MockPoolManager.settleFor
FNDA:0,MockPoolManager.settleFor
DA:46,0
DA:48,0
FN:48,MockPoolManager.clear
FNDA:0,MockPoolManager.clear
DA:49,0
FN:49,MockPoolManager.mint
FNDA:0,MockPoolManager.mint
DA:50,0
FN:50,MockPoolManager.burn
FNDA:0,MockPoolManager.burn
DA:51,0
FN:51,MockPoolManager.updateDynamicLPFee
FNDA:0,MockPoolManager.updateDynamicLPFee
DA:58,0
FN:58,MockAVSDirectory.registerOperatorToAVS
FNDA:0,MockAVSDirectory.registerOperatorToAVS
DA:59,0
DA:62,0
FN:62,MockAVSDirectory.deregisterOperatorFromAVS
FNDA:0,MockAVSDirectory.deregisterOperatorFromAVS
DA:63,0
DA:66,0
FN:66,MockAVSDirectory.isOperatorRegistered
FNDA:0,MockAVSDirectory.isOperatorRegistered
DA:67,0
DA:70,0
FN:70,MockAVSDirectory.getOperatorStake
FNDA:0,MockAVSDirectory.getOperatorStake
DA:71,0
DA:74,0
FN:74,MockAVSDirectory.setOperatorStake
FNDA:0,MockAVSDirectory.setOperatorStake
DA:75,0
DA:83,24
FN:83,MockPriceOracle.getPrice
FNDA:24,MockPriceOracle.getPrice
DA:84,24
DA:85,24
DA:86,24
DA:89,94
FN:89,MockPriceOracle.setPrice
FNDA:94,MockPriceOracle.setPrice
DA:90,94
DA:91,94
DA:94,0
FN:94,MockPriceOracle.isPriceStale
FNDA:0,MockPriceOracle.isPriceStale
DA:95,0
DA:96,0
DA:99,0
FN:99,MockPriceOracle.setPriceStale
FNDA:0,MockPriceOracle.setPriceStale
DA:100,0
DA:101,0
DA:104,0
FN:104,MockPriceOracle.getLastUpdateTime
FNDA:0,MockPriceOracle.getLastUpdateTime
DA:105,0
DA:108,0
FN:108,MockPriceOracle.getPriceAtTime
FNDA:0,MockPriceOracle.getPriceAtTime
DA:109,0
FNF:24
FNH:2
LF:47
LH:7
BRF:0
BRH:0
end_of_record
TN:
SF:test/EigenLVRHookUnit.t.sol
DA:21,0
FN:21,MockAVSDirectory.registerOperatorToAVS
FNDA:0,MockAVSDirectory.registerOperatorToAVS
DA:22,0
DA:25,0
FN:25,MockAVSDirectory.deregisterOperatorFromAVS
FNDA:0,MockAVSDirectory.deregisterOperatorFromAVS
DA:26,0
DA:29,0
FN:29,MockAVSDirectory.isOperatorRegistered
FNDA:0,MockAVSDirectory.isOperatorRegistered
DA:30,0
DA:33,0
FN:33,MockAVSDirectory.getOperatorStake
FNDA:0,MockAVSDirectory.getOperatorStake
DA:34,0
DA:37,0
FN:37,MockAVSDirectory.setOperatorStake
FNDA:0,MockAVSDirectory.setOperatorStake
DA:38,0
DA:46,0
FN:46,MockPriceOracle.getPrice
FNDA:0,MockPriceOracle.getPrice
DA:47,0
DA:48,0
DA:49,0
DA:52,0
FN:52,MockPriceOracle.setPrice
FNDA:0,MockPriceOracle.setPrice
DA:53,0
DA:54,0
DA:57,0
FN:57,MockPriceOracle.isPriceStale
FNDA:0,MockPriceOracle.isPriceStale
DA:58,0
DA:59,0
DA:62,0
FN:62,MockPriceOracle.setPriceStale
FNDA:0,MockPriceOracle.setPriceStale
DA:63,0
DA:64,0
DA:67,0
FN:67,MockPriceOracle.getLastUpdateTime
FNDA:0,MockPriceOracle.getLastUpdateTime
DA:68,0
DA:71,0
FN:71,MockPriceOracle.getPriceAtTime
FNDA:0,MockPriceOracle.getPriceAtTime
DA:72,0
FNF:11
FNH:0
LF:27
LH:0
BRF:0
BRH:0
end_of_record
TN:
SF:test/HookDeploymentDebugTest.t.sol
DA:13,0
FN:13,MockPoolManager.unlock
FNDA:0,MockPoolManager.unlock
DA:20,0
FN:20,MockAVSDirectory.registerOperatorToAVS
FNDA:0,MockAVSDirectory.registerOperatorToAVS
DA:21,0
DA:24,0
FN:24,MockAVSDirectory.deregisterOperatorFromAVS
FNDA:0,MockAVSDirectory.deregisterOperatorFromAVS
DA:25,0
DA:28,0
FN:28,MockAVSDirectory.isOperatorRegistered
FNDA:0,MockAVSDirectory.isOperatorRegistered
DA:29,0
DA:32,0
FN:32,MockAVSDirectory.getOperatorStake
FNDA:0,MockAVSDirectory.getOperatorStake
DA:33,0
DA:38,0
FN:38,MockPriceOracle.getPrice
FNDA:0,MockPriceOracle.getPrice
DA:39,0
FNF:6
FNH:0
LF:11
LH:0
BRF:0
BRH:0
end_of_record
TN:
SF:test/HookDeploymentHelper.sol
DA:34,0
FN:34,HookDeploymentHelper.deployHookWithMining
FNDA:0,HookDeploymentHelper.deployHookWithMining
DA:43,0
DA:44,0
DA:53,0
DA:54,0
DA:62,0
DA:71,0
BRDA:71,0,0,-
BRDA:71,0,1,-
DA:72,0
BRDA:72,1,0,-
BRDA:72,1,1,-
DA:74,0
DA:88,0
FN:88,HookDeploymentHelper.getMinedHookAddress
FNDA:0,HookDeploymentHelper.getMinedHookAddress
DA:96,0
DA:97,0
DA:105,0
DA:113,0
FN:113,HookDeploymentHelper.verifyHookAddress
FNDA:0,HookDeploymentHelper.verifyHookAddress
DA:114,0
FNF:3
FNH:0
LF:15
LH:0
BRF:4
BRH:0
end_of_record
TN:
SF:test/UnitTestsForCoverage.t.sol
DA:403,2
FN:403,MockPriceOracle.getPrice
FNDA:2,MockPriceOracle.getPrice
DA:404,2
DA:405,2
DA:406,2
DA:409,1
FN:409,MockPriceOracle.setPrice
FNDA:1,MockPriceOracle.setPrice
DA:410,1
DA:411,1
DA:421,1
FN:421,MockAVSDirectory.registerOperatorToAVS
FNDA:1,MockAVSDirectory.registerOperatorToAVS
DA:422,1
DA:425,0
FN:425,MockAVSDirectory.deregisterOperatorFromAVS
FNDA:0,MockAVSDirectory.deregisterOperatorFromAVS
DA:426,0
DA:429,2
FN:429,MockAVSDirectory.isOperatorRegistered
FNDA:2,MockAVSDirectory.isOperatorRegistered
DA:430,2
DA:433,1
FN:433,MockAVSDirectory.getOperatorStake
FNDA:1,MockAVSDirectory.getOperatorStake
DA:434,1
DA:437,1
FN:437,MockAVSDirectory.setOperatorStake
FNDA:1,MockAVSDirectory.setOperatorStake
DA:438,1
FNF:7
FNH:6
LF:17
LH:15
BRF:0
BRH:0
end_of_record
